# JRE version: OpenJDK Runtime Environment (8.0_76-b03) (build 1.8.0_76-release-b03)
# Java VM: OpenJDK 64-Bit Server VM (25.76-b03 mixed mode linux-amd64 compressed oops)
Heap:
 PSYoungGen      total 256000K, used 18421K [0x00000000e0000000, 0x00000000f3a00000, 0x0000000100000000)
  eden space 237568K, 0% used [0x00000000e0000000,0x00000000e0000000,0x00000000ee800000)
  from space 18432K, 99% used [0x00000000ee800000,0x00000000ef9fd708,0x00000000efa00000)
  to   space 18944K, 0% used [0x00000000efa00000,0x00000000efa00000,0x00000000f0c80000)
 ParOldGen       total 79360K, used 62851K [0x00000000a0000000, 0x00000000a4d80000, 0x00000000e0000000)
  object space 79360K, 79% used [0x00000000a0000000,0x00000000a3d60ce0,0x00000000a4d80000)
 Metaspace       used 61678K, capacity 63250K, committed 63360K, reserved 1103872K
  class space    used 7937K, capacity 8292K, committed 8320K, reserved 1048576K
GC Heap History (10 events):
Event: 39.160 GC heap after
Heap after GC invocations=11 (full 2):
 PSYoungGen      total 160256K, used 11760K [0x00000000e0000000, 0x00000000ed880000, 0x0000000100000000)
  eden space 148480K, 0% used [0x00000000e0000000,0x00000000e0000000,0x00000000e9100000)
  from space 11776K, 99% used [0x00000000e9100000,0x00000000e9c7c200,0x00000000e9c80000)
  to   space 14336K, 0% used [0x00000000eca80000,0x00000000eca80000,0x00000000ed880000)
 ParOldGen       total 57856K, used 19179K [0x00000000a0000000, 0x00000000a3880000, 0x00000000e0000000)
  object space 57856K, 33% used [0x00000000a0000000,0x00000000a12bafb8,0x00000000a3880000)
 Metaspace       used 44059K, capacity 45034K, committed 45056K, reserved 1087488K
  class space    used 5901K, capacity 6136K, committed 6144K, reserved 1048576K
}
Event: 51.685 GC heap before
{Heap before GC invocations=12 (full 2):
 PSYoungGen      total 160256K, used 160240K [0x00000000e0000000, 0x00000000ed880000, 0x0000000100000000)
  eden space 148480K, 100% used [0x00000000e0000000,0x00000000e9100000,0x00000000e9100000)
  from space 11776K, 99% used [0x00000000e9100000,0x00000000e9c7c200,0x00000000e9c80000)
  to   space 14336K, 0% used [0x00000000eca80000,0x00000000eca80000,0x00000000ed880000)
 ParOldGen       total 57856K, used 19179K [0x00000000a0000000, 0x00000000a3880000, 0x00000000e0000000)
  object space 57856K, 33% used [0x00000000a0000000,0x00000000a12bafb8,0x00000000a3880000)
 Metaspace       used 50594K, capacity 51930K, committed 52096K, reserved 1093632K
  class space    used 6744K, capacity 7030K, committed 7040K, reserved 1048576K
Event: 51.772 GC heap after
Heap after GC invocations=12 (full 2):
 PSYoungGen      total 203264K, used 14320K [0x00000000e0000000, 0x00000000edb80000, 0x0000000100000000)
  eden space 188928K, 0% used [0x00000000e0000000,0x00000000e0000000,0x00000000eb880000)
  from space 14336K, 99% used [0x00000000eca80000,0x00000000ed87c010,0x00000000ed880000)
  to   space 17920K, 0% used [0x00000000eb880000,0x00000000eb880000,0x00000000eca00000)
 ParOldGen       total 57856K, used 24300K [0x00000000a0000000, 0x00000000a3880000, 0x00000000e0000000)
  object space 57856K, 42% used [0x00000000a0000000,0x00000000a17bb070,0x00000000a3880000)
 Metaspace       used 50594K, capacity 51930K, committed 52096K, reserved 1093632K
  class space    used 6744K, capacity 7030K, committed 7040K, reserved 1048576K
}
Event: 58.571 GC heap before
{Heap before GC invocations=13 (full 2):
 PSYoungGen      total 203264K, used 203119K [0x00000000e0000000, 0x00000000edb80000, 0x0000000100000000)
  eden space 188928K, 99% used [0x00000000e0000000,0x00000000eb85fdb0,0x00000000eb880000)
  from space 14336K, 99% used [0x00000000eca80000,0x00000000ed87c010,0x00000000ed880000)
  to   space 17920K, 0% used [0x00000000eb880000,0x00000000eb880000,0x00000000eca00000)
 ParOldGen       total 57856K, used 24300K [0x00000000a0000000, 0x00000000a3880000, 0x00000000e0000000)
  object space 57856K, 42% used [0x00000000a0000000,0x00000000a17bb070,0x00000000a3880000)
 Metaspace       used 57561K, capacity 58968K, committed 59136K, reserved 1099776K
  class space    used 7505K, capacity 7867K, committed 7936K, reserved 1048576K
Event: 58.642 GC heap after
Heap after GC invocations=13 (full 2):
 PSYoungGen      total 206848K, used 12459K [0x00000000e0000000, 0x00000000f0c80000, 0x0000000100000000)
  eden space 188928K, 0% used [0x00000000e0000000,0x00000000e0000000,0x00000000eb880000)
  from space 17920K, 69% used [0x00000000eb880000,0x00000000ec4aaca8,0x00000000eca00000)
  to   space 18944K, 0% used [0x00000000efa00000,0x00000000efa00000,0x00000000f0c80000)
 ParOldGen       total 57856K, used 32118K [0x00000000a0000000, 0x00000000a3880000, 0x00000000e0000000)
  object space 57856K, 55% used [0x00000000a0000000,0x00000000a1f5d8c0,0x00000000a3880000)
 Metaspace       used 57561K, capacity 58968K, committed 59136K, reserved 1099776K
  class space    used 7505K, capacity 7867K, committed 7936K, reserved 1048576K
}
Event: 58.727 GC heap before
{Heap before GC invocations=14 (full 2):
 PSYoungGen      total 206848K, used 36118K [0x00000000e0000000, 0x00000000f0c80000, 0x0000000100000000)
  eden space 188928K, 12% used [0x00000000e0000000,0x00000000e171ad28,0x00000000eb880000)
  from space 17920K, 69% used [0x00000000eb880000,0x00000000ec4aaca8,0x00000000eca00000)
  to   space 18944K, 0% used [0x00000000efa00000,0x00000000efa00000,0x00000000f0c80000)
 ParOldGen       total 57856K, used 32118K [0x00000000a0000000, 0x00000000a3880000, 0x00000000e0000000)
  object space 57856K, 55% used [0x00000000a0000000,0x00000000a1f5d8c0,0x00000000a3880000)
 Metaspace       used 57598K, capacity 59050K, committed 59136K, reserved 1099776K
  class space    used 7514K, capacity 7872K, committed 7936K, reserved 1048576K
Event: 58.790 GC heap after
Heap after GC invocations=14 (full 2):
 PSYoungGen      total 256512K, used 10922K [0x00000000e0000000, 0x00000000f3a00000, 0x0000000100000000)
  eden space 237568K, 0% used [0x00000000e0000000,0x00000000e0000000,0x00000000ee800000)
  from space 18944K, 57% used [0x00000000efa00000,0x00000000f04aab80,0x00000000f0c80000)
  to   space 18432K, 0% used [0x00000000ee800000,0x00000000ee800000,0x00000000efa00000)
 ParOldGen       total 57856K, used 32134K [0x00000000a0000000, 0x00000000a3880000, 0x00000000e0000000)
  object space 57856K, 55% used [0x00000000a0000000,0x00000000a1f618c0,0x00000000a3880000)
 Metaspace       used 57598K, capacity 59050K, committed 59136K, reserved 1099776K
  class space    used 7514K, capacity 7872K, committed 7936K, reserved 1048576K
}
Event: 58.790 GC heap before
{Heap before GC invocations=15 (full 3):
 PSYoungGen      total 256512K, used 10922K [0x00000000e0000000, 0x00000000f3a00000, 0x0000000100000000)
  eden space 237568K, 0% used [0x00000000e0000000,0x00000000e0000000,0x00000000ee800000)
  from space 18944K, 57% used [0x00000000efa00000,0x00000000f04aab80,0x00000000f0c80000)
  to   space 18432K, 0% used [0x00000000ee800000,0x00000000ee800000,0x00000000efa00000)
 ParOldGen       total 57856K, used 32134K [0x00000000a0000000, 0x00000000a3880000, 0x00000000e0000000)
  object space 57856K, 55% used [0x00000000a0000000,0x00000000a1f618c0,0x00000000a3880000)
 Metaspace       used 57598K, capacity 59050K, committed 59136K, reserved 1099776K
  class space    used 7514K, capacity 7872K, committed 7936K, reserved 1048576K
Event: 59.308 GC heap after
Heap after GC invocations=15 (full 3):
 PSYoungGen      total 256512K, used 0K [0x00000000e0000000, 0x00000000f3a00000, 0x0000000100000000)
  eden space 237568K, 0% used [0x00000000e0000000,0x00000000e0000000,0x00000000ee800000)
  from space 18944K, 0% used [0x00000000efa00000,0x00000000efa00000,0x00000000f0c80000)
  to   space 18432K, 0% used [0x00000000ee800000,0x00000000ee800000,0x00000000efa00000)
 ParOldGen       total 79360K, used 33770K [0x00000000a0000000, 0x00000000a4d80000, 0x00000000e0000000)
  object space 79360K, 42% used [0x00000000a0000000,0x00000000a20faa38,0x00000000a4d80000)
 Metaspace       used 57598K, capacity 59050K, committed 59136K, reserved 1099776K
  class space    used 7514K, capacity 7872K, committed 7936K, reserved 1048576K
}
Event: 67.606 GC heap before
{Heap before GC invocations=16 (full 3):
 PSYoungGen      total 256512K, used 237568K [0x00000000e0000000, 0x00000000f3a00000, 0x0000000100000000)
  eden space 237568K, 100% used [0x00000000e0000000,0x00000000ee800000,0x00000000ee800000)
  from space 18944K, 0% used [0x00000000efa00000,0x00000000efa00000,0x00000000f0c80000)
  to   space 18432K, 0% used [0x00000000ee800000,0x00000000ee800000,0x00000000efa00000)
 ParOldGen       total 79360K, used 33770K [0x00000000a0000000, 0x00000000a4d80000, 0x00000000e0000000)
  object space 79360K, 42% used [0x00000000a0000000,0x00000000a20faa38,0x00000000a4d80000)
 Metaspace       used 61678K, capacity 63250K, committed 63360K, reserved 1103872K
  class space    used 7937K, capacity 8292K, committed 8320K, reserved 1048576K

